2024-11-18 12:47:40 [main] INFO  api.test.UserTest - ****** creating users ******
2024-11-18 12:47:44 [main] INFO  api.test.UserTest - ****** users is created ******
2024-11-18 12:47:44 [main] INFO  api.test.UserTest - ****** reading users info ******
2024-11-18 12:47:45 [main] INFO  api.test.UserTest - ****** User info is Displayed ******
2024-11-18 12:47:45 [main] INFO  api.test.UserTest - ****** Updated User Info ******
2024-11-18 12:47:47 [main] INFO  api.test.UserTest - ****** User Info is updated ******
2024-11-18 12:47:48 [main] INFO  api.test.UserTest - ****** Deleted User Info ******
2024-11-18 12:47:49 [main] INFO  api.test.UserTest - ****** User Info is Deleted ******
2024-11-18 14:44:25 [main] INFO  api.test.UserTest2 - ****** creating users ******
2024-11-18 14:44:31 [main] INFO  api.test.UserTest2 - ****** users is created ******
2024-11-18 14:44:31 [main] INFO  api.test.UserTest2 - ****** reading users info ******
2024-11-18 14:44:32 [main] INFO  api.test.UserTest2 - ****** User info is Displayed ******
2024-11-18 14:44:32 [main] INFO  api.test.UserTest2 - ****** Updated User Info ******
2024-11-18 14:44:33 [main] INFO  api.test.UserTest2 - ****** User Info is updated ******
2024-11-18 14:44:35 [main] INFO  api.test.UserTest2 - ****** Deleted User Info ******
2024-11-18 14:44:36 [main] INFO  api.test.UserTest2 - ****** User Info is Deleted ******
2024-11-18 14:46:33 [main] INFO  api.test.UserTest - ****** creating users ******
2024-11-18 14:46:37 [main] INFO  api.test.UserTest - ****** users is created ******
2024-11-18 14:46:38 [main] INFO  api.test.UserTest - ****** reading users info ******
2024-11-18 14:46:39 [main] INFO  api.test.UserTest - ****** User info is Displayed ******
2024-11-18 14:46:39 [main] INFO  api.test.UserTest - ****** Updated User Info ******
2024-11-18 14:46:40 [main] INFO  api.test.UserTest - ****** User Info is updated ******
2024-11-18 14:46:41 [main] INFO  api.test.UserTest - ****** Deleted User Info ******
2024-11-18 14:46:43 [main] INFO  api.test.UserTest - ****** User Info is Deleted ******
2024-11-18 14:46:43 [main] INFO  api.test.UserTest2 - ****** creating users ******
2024-11-18 14:46:44 [main] INFO  api.test.UserTest2 - ****** users is created ******
2024-11-18 14:46:44 [main] INFO  api.test.UserTest2 - ****** reading users info ******
2024-11-18 14:46:45 [main] INFO  api.test.UserTest2 - ****** User info is Displayed ******
2024-11-18 14:46:45 [main] INFO  api.test.UserTest2 - ****** Updated User Info ******
2024-11-18 14:46:46 [main] INFO  api.test.UserTest2 - ****** User Info is updated ******
2024-11-18 14:46:47 [main] INFO  api.test.UserTest2 - ****** Deleted User Info ******
2024-11-18 14:46:50 [main] INFO  api.test.UserTest2 - ****** User Info is Deleted ******
2024-11-18 15:11:54 [main] INFO  api.test.UserTest - ****** creating users ******
2024-11-18 15:11:56 [main] INFO  api.test.UserTest - ****** users is created ******
2024-11-18 15:11:56 [main] INFO  api.test.UserTest - ****** reading users info ******
2024-11-18 15:11:57 [main] INFO  api.test.UserTest - ****** User info is Displayed ******
2024-11-18 15:11:57 [main] INFO  api.test.UserTest - ****** Updated User Info ******
2024-11-18 15:11:58 [main] INFO  api.test.UserTest - ****** User Info is updated ******
2024-11-18 15:11:59 [main] INFO  api.test.UserTest - ****** Deleted User Info ******
2024-11-18 15:12:01 [main] INFO  api.test.UserTest - ****** User Info is Deleted ******
2024-11-18 15:19:41 [main] INFO  api.test.UserTest - ****** creating users ******
2024-11-18 15:19:43 [main] INFO  api.test.UserTest - ****** users is created ******
2024-11-18 15:19:43 [main] INFO  api.test.UserTest - ****** reading users info ******
2024-11-18 15:19:44 [main] INFO  api.test.UserTest - ****** User info is Displayed ******
2024-11-18 15:19:44 [main] INFO  api.test.UserTest - ****** Updated User Info ******
2024-11-18 15:19:46 [main] INFO  api.test.UserTest - ****** User Info is updated ******
2024-11-18 15:19:47 [main] INFO  api.test.UserTest - ****** Deleted User Info ******
2024-11-18 15:19:48 [main] INFO  api.test.UserTest - ****** User Info is Deleted ******
2024-11-18 15:25:46 [main] INFO  api.test.UserTest - ****** creating users ******
2024-11-18 15:25:50 [main] INFO  api.test.UserTest - ****** users is created ******
2024-11-18 15:25:50 [main] INFO  api.test.UserTest - ****** reading users info ******
2024-11-18 15:25:51 [main] INFO  api.test.UserTest - ****** User info is Displayed ******
2024-11-18 15:25:51 [main] INFO  api.test.UserTest - ****** Updated User Info ******
2024-11-18 15:25:54 [main] INFO  api.test.UserTest - ****** User Info is updated ******
2024-11-18 15:25:55 [main] INFO  api.test.UserTest - ****** Deleted User Info ******
2024-11-18 15:25:57 [main] INFO  api.test.UserTest - ****** User Info is Deleted ******
2024-11-18 15:25:57 [main] INFO  api.test.UserTest2 - ****** creating users ******
2024-11-18 15:26:00 [main] INFO  api.test.UserTest2 - ****** users is created ******
2024-11-18 15:26:00 [main] INFO  api.test.UserTest2 - ****** reading users info ******
2024-11-18 15:26:01 [main] INFO  api.test.UserTest2 - ****** User info is Displayed ******
2024-11-18 15:26:01 [main] INFO  api.test.UserTest2 - ****** Updated User Info ******
2024-11-18 15:26:02 [main] INFO  api.test.UserTest2 - ****** User Info is updated ******
2024-11-18 15:26:03 [main] INFO  api.test.UserTest2 - ****** Deleted User Info ******
2024-11-18 15:26:04 [main] INFO  api.test.UserTest2 - ****** User Info is Deleted ******
2024-11-18 15:29:05 [main] INFO  api.test.UserTest - ****** creating users ******
2024-11-18 15:29:10 [main] INFO  api.test.UserTest - ****** users is created ******
2024-11-18 15:29:10 [main] INFO  api.test.UserTest - ****** reading users info ******
2024-11-18 15:29:11 [main] INFO  api.test.UserTest - ****** User info is Displayed ******
2024-11-18 15:29:11 [main] INFO  api.test.UserTest - ****** Updated User Info ******
2024-11-18 15:29:12 [main] INFO  api.test.UserTest - ****** User Info is updated ******
2024-11-18 15:29:14 [main] INFO  api.test.UserTest - ****** Deleted User Info ******
2024-11-18 15:29:15 [main] INFO  api.test.UserTest - ****** User Info is Deleted ******
2024-11-18 15:29:15 [main] INFO  api.test.UserTest2 - ****** creating users ******
2024-11-18 15:29:16 [main] INFO  api.test.UserTest2 - ****** users is created ******
2024-11-18 15:29:16 [main] INFO  api.test.UserTest2 - ****** reading users info ******
2024-11-18 15:29:17 [main] INFO  api.test.UserTest2 - ****** User info is Displayed ******
2024-11-18 15:29:17 [main] INFO  api.test.UserTest2 - ****** Updated User Info ******
2024-11-18 15:29:18 [main] INFO  api.test.UserTest2 - ****** User Info is updated ******
2024-11-18 15:29:20 [main] INFO  api.test.UserTest2 - ****** Deleted User Info ******
2024-11-18 15:29:21 [main] INFO  api.test.UserTest2 - ****** User Info is Deleted ******
2024-11-18 15:40:36 [main] INFO  api.test.UserTest - ****** creating users ******
2024-11-18 15:40:41 [main] INFO  api.test.UserTest - ****** users is created ******
2024-11-18 15:40:41 [main] INFO  api.test.UserTest - ****** reading users info ******
2024-11-18 15:40:42 [main] INFO  api.test.UserTest - ****** User info is Displayed ******
2024-11-18 15:40:42 [main] INFO  api.test.UserTest - ****** Updated User Info ******
2024-11-18 15:40:43 [main] INFO  api.test.UserTest - ****** User Info is updated ******
2024-11-18 15:40:45 [main] INFO  api.test.UserTest - ****** Deleted User Info ******
2024-11-18 15:40:46 [main] INFO  api.test.UserTest - ****** User Info is Deleted ******
2024-11-18 15:40:46 [main] INFO  api.test.UserTest2 - ****** creating users ******
2024-11-18 15:40:47 [main] INFO  api.test.UserTest2 - ****** users is created ******
2024-11-18 15:40:47 [main] INFO  api.test.UserTest2 - ****** reading users info ******
2024-11-18 15:40:48 [main] INFO  api.test.UserTest2 - ****** User info is Displayed ******
2024-11-18 15:40:48 [main] INFO  api.test.UserTest2 - ****** Updated User Info ******
2024-11-18 15:40:49 [main] INFO  api.test.UserTest2 - ****** User Info is updated ******
2024-11-18 15:40:51 [main] INFO  api.test.UserTest2 - ****** Deleted User Info ******
2024-11-18 15:40:52 [main] INFO  api.test.UserTest2 - ****** User Info is Deleted ******
2024-11-18 15:42:35 [main] INFO  api.test.UserTest - ****** creating users ******
2024-11-18 15:42:40 [main] INFO  api.test.UserTest - ****** users is created ******
2024-11-18 15:42:40 [main] INFO  api.test.UserTest - ****** reading users info ******
2024-11-18 15:42:41 [main] INFO  api.test.UserTest - ****** User info is Displayed ******
2024-11-18 15:42:41 [main] INFO  api.test.UserTest - ****** Updated User Info ******
2024-11-18 15:42:42 [main] INFO  api.test.UserTest - ****** User Info is updated ******
2024-11-18 15:42:44 [main] INFO  api.test.UserTest - ****** Deleted User Info ******
2024-11-18 15:42:45 [main] INFO  api.test.UserTest - ****** User Info is Deleted ******
2024-11-18 15:42:45 [main] INFO  api.test.UserTest2 - ****** creating users ******
2024-11-18 15:42:46 [main] INFO  api.test.UserTest2 - ****** users is created ******
2024-11-18 15:42:46 [main] INFO  api.test.UserTest2 - ****** reading users info ******
2024-11-18 15:42:47 [main] INFO  api.test.UserTest2 - ****** User info is Displayed ******
2024-11-18 15:42:47 [main] INFO  api.test.UserTest2 - ****** Updated User Info ******
2024-11-18 15:42:48 [main] INFO  api.test.UserTest2 - ****** User Info is updated ******
2024-11-18 15:42:49 [main] INFO  api.test.UserTest2 - ****** Deleted User Info ******
2024-11-18 15:42:51 [main] INFO  api.test.UserTest2 - ****** User Info is Deleted ******
2024-11-18 15:44:17 [main] INFO  api.test.UserTest - ****** creating users ******
2024-11-18 15:44:22 [main] INFO  api.test.UserTest - ****** users is created ******
2024-11-18 15:44:22 [main] INFO  api.test.UserTest - ****** reading users info ******
2024-11-18 15:44:23 [main] INFO  api.test.UserTest - ****** User info is Displayed ******
2024-11-18 15:44:23 [main] INFO  api.test.UserTest - ****** Updated User Info ******
2024-11-18 15:44:24 [main] INFO  api.test.UserTest - ****** User Info is updated ******
2024-11-18 15:44:25 [main] INFO  api.test.UserTest - ****** Deleted User Info ******
2024-11-18 15:44:26 [main] INFO  api.test.UserTest - ****** User Info is Deleted ******
2024-11-18 15:44:26 [main] INFO  api.test.UserTest2 - ****** creating users ******
2024-11-18 15:44:28 [main] INFO  api.test.UserTest2 - ****** users is created ******
2024-11-18 15:44:28 [main] INFO  api.test.UserTest2 - ****** reading users info ******
2024-11-18 15:44:29 [main] INFO  api.test.UserTest2 - ****** User info is Displayed ******
2024-11-18 15:44:29 [main] INFO  api.test.UserTest2 - ****** Updated User Info ******
2024-11-18 15:44:30 [main] INFO  api.test.UserTest2 - ****** User Info is updated ******
2024-11-18 15:44:31 [main] INFO  api.test.UserTest2 - ****** Deleted User Info ******
2024-11-18 15:44:32 [main] INFO  api.test.UserTest2 - ****** User Info is Deleted ******
2024-11-18 16:10:01 [main] INFO  api.test.UserTest - ****** creating users ******
2024-11-18 16:10:06 [main] INFO  api.test.UserTest - ****** users is created ******
2024-11-18 16:10:06 [main] INFO  api.test.UserTest - ****** reading users info ******
2024-11-18 16:10:07 [main] INFO  api.test.UserTest - ****** User info is Displayed ******
2024-11-18 16:10:07 [main] INFO  api.test.UserTest - ****** Updated User Info ******
2024-11-18 16:10:09 [main] INFO  api.test.UserTest - ****** User Info is updated ******
2024-11-18 16:10:10 [main] INFO  api.test.UserTest - ****** Deleted User Info ******
2024-11-18 16:10:11 [main] INFO  api.test.UserTest - ****** User Info is Deleted ******
2024-11-18 16:10:11 [main] INFO  api.test.UserTest2 - ****** creating users ******
2024-11-18 16:10:12 [main] INFO  api.test.UserTest2 - ****** users is created ******
2024-11-18 16:10:12 [main] INFO  api.test.UserTest2 - ****** reading users info ******
2024-11-18 16:10:14 [main] INFO  api.test.UserTest2 - ****** User info is Displayed ******
2024-11-18 16:10:14 [main] INFO  api.test.UserTest2 - ****** Updated User Info ******
2024-11-18 16:10:15 [main] INFO  api.test.UserTest2 - ****** User Info is updated ******
2024-11-18 16:10:16 [main] INFO  api.test.UserTest2 - ****** Deleted User Info ******
2024-11-18 16:10:17 [main] INFO  api.test.UserTest2 - ****** User Info is Deleted ******
2024-11-18 16:21:46 [main] INFO  api.test.UserTest - ****** creating users ******
2024-11-18 16:21:51 [main] INFO  api.test.UserTest - ****** users is created ******
2024-11-18 16:21:51 [main] INFO  api.test.UserTest - ****** reading users info ******
2024-11-18 16:21:52 [main] INFO  api.test.UserTest - ****** User info is Displayed ******
2024-11-18 16:21:52 [main] INFO  api.test.UserTest - ****** Updated User Info ******
2024-11-18 16:21:53 [main] INFO  api.test.UserTest - ****** User Info is updated ******
2024-11-18 16:21:54 [main] INFO  api.test.UserTest - ****** Deleted User Info ******
2024-11-18 16:21:55 [main] INFO  api.test.UserTest - ****** User Info is Deleted ******
2024-11-18 16:21:55 [main] INFO  api.test.UserTest2 - ****** creating users ******
2024-11-18 16:21:57 [main] INFO  api.test.UserTest2 - ****** users is created ******
2024-11-18 16:21:57 [main] INFO  api.test.UserTest2 - ****** reading users info ******
2024-11-18 16:21:58 [main] INFO  api.test.UserTest2 - ****** User info is Displayed ******
2024-11-18 16:21:58 [main] INFO  api.test.UserTest2 - ****** Updated User Info ******
2024-11-18 16:21:59 [main] INFO  api.test.UserTest2 - ****** User Info is updated ******
2024-11-18 16:22:00 [main] INFO  api.test.UserTest2 - ****** Deleted User Info ******
2024-11-18 16:22:01 [main] INFO  api.test.UserTest2 - ****** User Info is Deleted ******
2024-11-18 20:12:22 [main] INFO  api.test.UserTest - ****** creating users ******
2024-11-18 20:12:27 [main] INFO  api.test.UserTest - ****** users is created ******
2024-11-18 20:12:27 [main] INFO  api.test.UserTest - ****** reading users info ******
2024-11-18 20:12:29 [main] INFO  api.test.UserTest - ****** User info is Displayed ******
2024-11-18 20:12:29 [main] INFO  api.test.UserTest - ****** Updated User Info ******
2024-11-18 20:12:30 [main] INFO  api.test.UserTest - ****** User Info is updated ******
2024-11-18 20:12:31 [main] INFO  api.test.UserTest - ****** Deleted User Info ******
2024-11-18 20:12:32 [main] INFO  api.test.UserTest - ****** User Info is Deleted ******
2024-11-18 20:12:32 [main] INFO  api.test.UserTest2 - ****** creating users ******
2024-11-18 20:12:33 [main] INFO  api.test.UserTest2 - ****** users is created ******
2024-11-18 20:12:33 [main] INFO  api.test.UserTest2 - ****** reading users info ******
2024-11-18 20:12:35 [main] INFO  api.test.UserTest2 - ****** User info is Displayed ******
2024-11-18 20:12:35 [main] INFO  api.test.UserTest2 - ****** Updated User Info ******
2024-11-18 20:12:36 [main] INFO  api.test.UserTest2 - ****** User Info is updated ******
2024-11-18 20:12:37 [main] INFO  api.test.UserTest2 - ****** Deleted User Info ******
2024-11-18 20:12:38 [main] INFO  api.test.UserTest2 - ****** User Info is Deleted ******
2024-11-18 20:15:21 [main] INFO  api.test.UserTest - ****** creating users ******
2024-11-18 20:15:25 [main] INFO  api.test.UserTest - ****** users is created ******
2024-11-18 20:15:25 [main] INFO  api.test.UserTest - ****** reading users info ******
2024-11-18 20:15:26 [main] INFO  api.test.UserTest - ****** User info is Displayed ******
2024-11-18 20:15:26 [main] INFO  api.test.UserTest - ****** Updated User Info ******
2024-11-18 20:15:28 [main] INFO  api.test.UserTest - ****** User Info is updated ******
2024-11-18 20:15:29 [main] INFO  api.test.UserTest - ****** Deleted User Info ******
2024-11-18 20:15:30 [main] INFO  api.test.UserTest - ****** User Info is Deleted ******
2024-11-18 20:15:30 [main] INFO  api.test.UserTest2 - ****** creating users ******
2024-11-18 20:15:31 [main] INFO  api.test.UserTest2 - ****** users is created ******
2024-11-18 20:15:31 [main] INFO  api.test.UserTest2 - ****** reading users info ******
2024-11-18 20:15:32 [main] INFO  api.test.UserTest2 - ****** User info is Displayed ******
2024-11-18 20:15:32 [main] INFO  api.test.UserTest2 - ****** Updated User Info ******
2024-11-18 20:15:34 [main] INFO  api.test.UserTest2 - ****** User Info is updated ******
2024-11-18 20:15:35 [main] INFO  api.test.UserTest2 - ****** Deleted User Info ******
2024-11-18 20:15:36 [main] INFO  api.test.UserTest2 - ****** User Info is Deleted ******
2024-11-18 20:25:46 [main] INFO  api.test.UserTest - ****** creating users ******
2024-11-18 20:25:51 [main] INFO  api.test.UserTest - ****** users is created ******
2024-11-18 20:25:51 [main] INFO  api.test.UserTest - ****** reading users info ******
2024-11-18 20:25:52 [main] INFO  api.test.UserTest - ****** User info is Displayed ******
2024-11-18 20:25:52 [main] INFO  api.test.UserTest - ****** Updated User Info ******
2024-11-18 20:25:53 [main] INFO  api.test.UserTest - ****** User Info is updated ******
2024-11-18 20:25:54 [main] INFO  api.test.UserTest - ****** Deleted User Info ******
2024-11-18 20:25:55 [main] INFO  api.test.UserTest - ****** User Info is Deleted ******
2024-11-18 20:25:55 [main] INFO  api.test.UserTest2 - ****** creating users ******
2024-11-18 20:25:57 [main] INFO  api.test.UserTest2 - ****** users is created ******
2024-11-18 20:25:57 [main] INFO  api.test.UserTest2 - ****** reading users info ******
2024-11-18 20:25:58 [main] INFO  api.test.UserTest2 - ****** User info is Displayed ******
2024-11-18 20:25:58 [main] INFO  api.test.UserTest2 - ****** Updated User Info ******
2024-11-18 20:25:59 [main] INFO  api.test.UserTest2 - ****** User Info is updated ******
2024-11-18 20:26:00 [main] INFO  api.test.UserTest2 - ****** Deleted User Info ******
2024-11-18 20:26:01 [main] INFO  api.test.UserTest2 - ****** User Info is Deleted ******
